{"/Users/mohammad/Desktop/zahraa/code/react/autocompleteTrie/autocomplete-node/src/index.ts": {"path":"/Users/mohammad/Desktop/zahraa/code/react/autocompleteTrie/autocomplete-node/src/index.ts","statementMap":{"0":{"start":{"line":1,"column":0},"end":{"line":1,"column":30}},"1":{"start":{"line":2,"column":0},"end":{"line":2,"column":24}},"2":{"start":{"line":3,"column":0},"end":{"line":3,"column":28}},"3":{"start":{"line":4,"column":0},"end":{"line":4,"column":37}},"4":{"start":{"line":5,"column":0},"end":{"line":5,"column":30}},"5":{"start":{"line":6,"column":0},"end":{"line":6,"column":41}},"6":{"start":{"line":8,"column":12},"end":{"line":8,"column":21}},"7":{"start":{"line":10,"column":0},"end":{"line":35,"column":5}},"8":{"start":{"line":11,"column":4},"end":{"line":34,"column":5}},"9":{"start":{"line":12,"column":8},"end":{"line":12,"column":null}},"10":{"start":{"line":13,"column":8},"end":{"line":13,"column":25}},"11":{"start":{"line":14,"column":8},"end":{"line":14,"column":49}},"12":{"start":{"line":16,"column":8},"end":{"line":16,"column":31}},"13":{"start":{"line":18,"column":8},"end":{"line":21,"column":11}},"14":{"start":{"line":20,"column":12},"end":{"line":20,"column":19}},"15":{"start":{"line":23,"column":8},"end":{"line":23,"column":19}},"16":{"start":{"line":25,"column":8},"end":{"line":25,"column":35}},"17":{"start":{"line":27,"column":8},"end":{"line":27,"column":29}},"18":{"start":{"line":29,"column":8},"end":{"line":31,"column":11}},"19":{"start":{"line":30,"column":12},"end":{"line":30,"column":42}},"20":{"start":{"line":33,"column":8},"end":{"line":33,"column":50}},"21":{"start":{"line":37,"column":0},"end":{"line":37,"column":19}}},"fnMap":{"0":{"name":"(anonymous_1)","decl":{"start":{"line":10,"column":1},"end":{"line":10,"column":6}},"loc":{"start":{"line":10,"column":12},"end":{"line":35,"column":1}}},"1":{"name":"(anonymous_2)","decl":{"start":{"line":18,"column":16},"end":{"line":18,"column":17}},"loc":{"start":{"line":18,"column":35},"end":{"line":21,"column":9}}},"2":{"name":"(anonymous_3)","decl":{"start":{"line":29,"column":16},"end":{"line":29,"column":17}},"loc":{"start":{"line":29,"column":29},"end":{"line":31,"column":9}}}},"branchMap":{},"s":{"0":1,"1":1,"2":1,"3":1,"4":1,"5":1,"6":1,"7":1,"8":1,"9":1,"10":1,"11":1,"12":1,"13":1,"14":1,"15":1,"16":1,"17":1,"18":1,"19":0,"20":0,"21":1},"f":{"0":1,"1":1,"2":0},"b":{}}
,"/Users/mohammad/Desktop/zahraa/code/react/autocompleteTrie/autocomplete-node/src/controllers/index.ts": {"path":"/Users/mohammad/Desktop/zahraa/code/react/autocompleteTrie/autocomplete-node/src/controllers/index.ts","statementMap":{"0":{"start":{"line":2,"column":0},"end":{"line":2,"column":48}},"1":{"start":{"line":3,"column":16},"end":{"line":3,"column":34}},"2":{"start":{"line":6,"column":15},"end":{"line":13,"column":2}},"3":{"start":{"line":15,"column":34},"end":{"line":15,"column":49}},"4":{"start":{"line":21,"column":24},"end":{"line":27,"column":1}},"5":{"start":{"line":22,"column":26},"end":{"line":22,"column":236}},"6":{"start":{"line":24,"column":4},"end":{"line":26,"column":5}},"7":{"start":{"line":25,"column":20},"end":{"line":25,"column":61}},"8":{"start":{"line":21,"column":13},"end":{"line":21,"column":24}},"9":{"start":{"line":29,"column":26},"end":{"line":41,"column":1}},"10":{"start":{"line":30,"column":4},"end":{"line":40,"column":5}},"11":{"start":{"line":31,"column":21},"end":{"line":31,"column":36}},"12":{"start":{"line":32,"column":22},"end":{"line":32,"column":51}},"13":{"start":{"line":34,"column":8},"end":{"line":34,"column":26}},"14":{"start":{"line":35,"column":8},"end":{"line":35,"column":27}},"15":{"start":{"line":36,"column":8},"end":{"line":36,"column":26}},"16":{"start":{"line":37,"column":8},"end":{"line":37,"column":24}},"17":{"start":{"line":39,"column":8},"end":{"line":39,"column":78}},"18":{"start":{"line":29,"column":13},"end":{"line":29,"column":26}},"19":{"start":{"line":43,"column":30},"end":{"line":56,"column":1}},"20":{"start":{"line":44,"column":4},"end":{"line":55,"column":5}},"21":{"start":{"line":45,"column":21},"end":{"line":45,"column":36}},"22":{"start":{"line":46,"column":28},"end":{"line":46,"column":65}},"23":{"start":{"line":48,"column":8},"end":{"line":52,"column":9}},"24":{"start":{"line":49,"column":12},"end":{"line":49,"column":34}},"25":{"start":{"line":51,"column":12},"end":{"line":51,"column":87}},"26":{"start":{"line":54,"column":8},"end":{"line":54,"column":78}},"27":{"start":{"line":43,"column":13},"end":{"line":43,"column":30}},"28":{"start":{"line":58,"column":31},"end":{"line":69,"column":1}},"29":{"start":{"line":59,"column":4},"end":{"line":68,"column":5}},"30":{"start":{"line":60,"column":25},"end":{"line":60,"column":58}},"31":{"start":{"line":61,"column":8},"end":{"line":65,"column":9}},"32":{"start":{"line":62,"column":12},"end":{"line":62,"column":31}},"33":{"start":{"line":64,"column":12},"end":{"line":64,"column":78}},"34":{"start":{"line":67,"column":8},"end":{"line":67,"column":71}},"35":{"start":{"line":58,"column":13},"end":{"line":58,"column":31}}},"fnMap":{"0":{"name":"(anonymous_1)","decl":{"start":{"line":21,"column":24},"end":{"line":21,"column":29}},"loc":{"start":{"line":21,"column":35},"end":{"line":27,"column":1}}},"1":{"name":"(anonymous_2)","decl":{"start":{"line":29,"column":26},"end":{"line":29,"column":31}},"loc":{"start":{"line":29,"column":64},"end":{"line":41,"column":1}}},"2":{"name":"(anonymous_3)","decl":{"start":{"line":43,"column":30},"end":{"line":43,"column":35}},"loc":{"start":{"line":43,"column":68},"end":{"line":56,"column":1}}},"3":{"name":"(anonymous_4)","decl":{"start":{"line":58,"column":31},"end":{"line":58,"column":36}},"loc":{"start":{"line":58,"column":69},"end":{"line":69,"column":1}}}},"branchMap":{"0":{"loc":{"start":{"line":48,"column":8},"end":{"line":52,"column":9}},"type":"if","locations":[{"start":{"line":48,"column":8},"end":{"line":52,"column":9}},{"start":{"line":50,"column":15},"end":{"line":52,"column":9}}]},"1":{"loc":{"start":{"line":61,"column":8},"end":{"line":65,"column":9}},"type":"if","locations":[{"start":{"line":61,"column":8},"end":{"line":65,"column":9}},{"start":{"line":63,"column":15},"end":{"line":65,"column":9}}]}},"s":{"0":1,"1":1,"2":1,"3":1,"4":1,"5":1,"6":1,"7":1,"8":1,"9":1,"10":0,"11":0,"12":0,"13":0,"14":0,"15":0,"16":0,"17":0,"18":1,"19":1,"20":0,"21":0,"22":0,"23":0,"24":0,"25":0,"26":0,"27":1,"28":1,"29":0,"30":0,"31":0,"32":0,"33":0,"34":0,"35":1},"f":{"0":1,"1":0,"2":0,"3":0},"b":{"0":[0,0],"1":[0,0]}}
,"/Users/mohammad/Desktop/zahraa/code/react/autocompleteTrie/autocomplete-node/src/repository/trieRedis.ts": {"path":"/Users/mohammad/Desktop/zahraa/code/react/autocompleteTrie/autocomplete-node/src/repository/trieRedis.ts","statementMap":{"0":{"start":{"line":1,"column":0},"end":{"line":1,"column":28}},"1":{"start":{"line":4,"column":14},"end":{"line":7,"column":2}},"2":{"start":{"line":20,"column":18},"end":{"line":20,"column":25}},"3":{"start":{"line":21,"column":8},"end":{"line":25,"column":9}},"4":{"start":{"line":21,"column":21},"end":{"line":21,"column":22}},"5":{"start":{"line":22,"column":26},"end":{"line":22,"column":33}},"6":{"start":{"line":23,"column":12},"end":{"line":23,"column":47}},"7":{"start":{"line":24,"column":12},"end":{"line":24,"column":27}},"8":{"start":{"line":26,"column":8},"end":{"line":26,"column":46}},"9":{"start":{"line":27,"column":8},"end":{"line":27,"column":44}},"10":{"start":{"line":29,"column":18},"end":{"line":29,"column":42}},"11":{"start":{"line":31,"column":8},"end":{"line":31,"column":20}},"12":{"start":{"line":35,"column":18},"end":{"line":35,"column":25}},"13":{"start":{"line":36,"column":8},"end":{"line":42,"column":9}},"14":{"start":{"line":36,"column":21},"end":{"line":36,"column":22}},"15":{"start":{"line":37,"column":27},"end":{"line":37,"column":60}},"16":{"start":{"line":38,"column":12},"end":{"line":39,"column":29}},"17":{"start":{"line":39,"column":16},"end":{"line":39,"column":29}},"18":{"start":{"line":41,"column":12},"end":{"line":41,"column":null}},"19":{"start":{"line":44,"column":8},"end":{"line":44,"column":44}},"20":{"start":{"line":45,"column":26},"end":{"line":45,"column":60}},"21":{"start":{"line":47,"column":8},"end":{"line":47,"column":40}},"22":{"start":{"line":51,"column":8},"end":{"line":51,"column":44}},"23":{"start":{"line":55,"column":25},"end":{"line":55,"column":27}},"24":{"start":{"line":57,"column":26},"end":{"line":57,"column":68}},"25":{"start":{"line":58,"column":26},"end":{"line":58,"column":63}},"26":{"start":{"line":59,"column":31},"end":{"line":59,"column":78}},"27":{"start":{"line":60,"column":21},"end":{"line":60,"column":53}},"28":{"start":{"line":61,"column":8},"end":{"line":61,"column":58}},"29":{"start":{"line":62,"column":8},"end":{"line":62,"column":31}},"30":{"start":{"line":63,"column":8},"end":{"line":63,"column":51}},"31":{"start":{"line":64,"column":8},"end":{"line":64,"column":52}},"32":{"start":{"line":65,"column":8},"end":{"line":65,"column":null}},"33":{"start":{"line":67,"column":25},"end":{"line":68,"column":94}},"34":{"start":{"line":68,"column":28},"end":{"line":68,"column":93}},"35":{"start":{"line":69,"column":12},"end":{"line":69,"column":33}},"36":{"start":{"line":71,"column":8},"end":{"line":75,"column":9}},"37":{"start":{"line":72,"column":12},"end":{"line":74,"column":13}},"38":{"start":{"line":73,"column":16},"end":{"line":73,"column":74}},"39":{"start":{"line":76,"column":8},"end":{"line":76,"column":19}},"40":{"start":{"line":80,"column":34},"end":{"line":80,"column":36}},"41":{"start":{"line":82,"column":31},"end":{"line":102,"column":9}},"42":{"start":{"line":83,"column":30},"end":{"line":83,"column":68}},"43":{"start":{"line":84,"column":25},"end":{"line":84,"column":58}},"44":{"start":{"line":85,"column":12},"end":{"line":87,"column":13}},"45":{"start":{"line":86,"column":16},"end":{"line":86,"column":60}},"46":{"start":{"line":89,"column":25},"end":{"line":89,"column":53}},"47":{"start":{"line":90,"column":29},"end":{"line":91,"column":98}},"48":{"start":{"line":91,"column":32},"end":{"line":91,"column":97}},"49":{"start":{"line":93,"column":12},"end":{"line":95,"column":13}},"50":{"start":{"line":94,"column":16},"end":{"line":94,"column":23}},"51":{"start":{"line":97,"column":12},"end":{"line":101,"column":13}},"52":{"start":{"line":98,"column":16},"end":{"line":100,"column":17}},"53":{"start":{"line":99,"column":20},"end":{"line":99,"column":56}},"54":{"start":{"line":108,"column":18},"end":{"line":108,"column":25}},"55":{"start":{"line":109,"column":8},"end":{"line":116,"column":9}},"56":{"start":{"line":109,"column":21},"end":{"line":109,"column":22}},"57":{"start":{"line":110,"column":27},"end":{"line":110,"column":67}},"58":{"start":{"line":111,"column":12},"end":{"line":115,"column":13}},"59":{"start":{"line":112,"column":16},"end":{"line":112,"column":null}},"60":{"start":{"line":114,"column":16},"end":{"line":114,"column":26}},"61":{"start":{"line":117,"column":28},"end":{"line":117,"column":67}},"62":{"start":{"line":119,"column":8},"end":{"line":122,"column":9}},"63":{"start":{"line":120,"column":12},"end":{"line":120,"column":null}},"64":{"start":{"line":121,"column":12},"end":{"line":121,"column":null}},"65":{"start":{"line":124,"column":8},"end":{"line":124,"column":34}},"66":{"start":{"line":127,"column":21},"end":{"line":127,"column":69}},"67":{"start":{"line":127,"column":53},"end":{"line":127,"column":68}},"68":{"start":{"line":130,"column":8},"end":{"line":130,"column":null}},"69":{"start":{"line":132,"column":8},"end":{"line":132,"column":20}},"70":{"start":{"line":136,"column":31},"end":{"line":136,"column":70}},"71":{"start":{"line":138,"column":8},"end":{"line":140,"column":9}},"72":{"start":{"line":139,"column":12},"end":{"line":139,"column":46}},"73":{"start":{"line":142,"column":8},"end":{"line":142,"column":18}},"74":{"start":{"line":146,"column":0},"end":{"line":146,"column":25}}},"fnMap":{"0":{"name":"(anonymous_1)","decl":{"start":{"line":15,"column":4},"end":{"line":15,"column":9}},"loc":{"start":{"line":15,"column":43},"end":{"line":32,"column":5}}},"1":{"name":"(anonymous_2)","decl":{"start":{"line":34,"column":4},"end":{"line":34,"column":9}},"loc":{"start":{"line":34,"column":29},"end":{"line":48,"column":5}}},"2":{"name":"(anonymous_3)","decl":{"start":{"line":50,"column":4},"end":{"line":50,"column":9}},"loc":{"start":{"line":50,"column":25},"end":{"line":52,"column":5}}},"3":{"name":"(anonymous_4)","decl":{"start":{"line":54,"column":4},"end":{"line":54,"column":9}},"loc":{"start":{"line":54,"column":35},"end":{"line":77,"column":5}}},"4":{"name":"(anonymous_5)","decl":{"start":{"line":68,"column":20},"end":{"line":68,"column":24}},"loc":{"start":{"line":68,"column":28},"end":{"line":68,"column":93}}},"5":{"name":"(anonymous_6)","decl":{"start":{"line":79,"column":4},"end":{"line":79,"column":9}},"loc":{"start":{"line":79,"column":44},"end":{"line":133,"column":5}}},"6":{"name":"(anonymous_7)","decl":{"start":{"line":82,"column":31},"end":{"line":82,"column":36}},"loc":{"start":{"line":82,"column":57},"end":{"line":102,"column":9}}},"7":{"name":"(anonymous_8)","decl":{"start":{"line":91,"column":24},"end":{"line":91,"column":28}},"loc":{"start":{"line":91,"column":32},"end":{"line":91,"column":97}}},"8":{"name":"(anonymous_9)","decl":{"start":{"line":127,"column":43},"end":{"line":127,"column":44}},"loc":{"start":{"line":127,"column":53},"end":{"line":127,"column":68}}},"9":{"name":"(anonymous_10)","decl":{"start":{"line":135,"column":4},"end":{"line":135,"column":9}},"loc":{"start":{"line":135,"column":45},"end":{"line":143,"column":5}}}},"branchMap":{"0":{"loc":{"start":{"line":38,"column":12},"end":{"line":39,"column":29}},"type":"if","locations":[{"start":{"line":38,"column":12},"end":{"line":39,"column":29}}]},"1":{"loc":{"start":{"line":47,"column":15},"end":{"line":47,"column":39}},"type":"cond-expr","locations":[{"start":{"line":47,"column":27},"end":{"line":47,"column":31}},{"start":{"line":47,"column":34},"end":{"line":47,"column":39}}]},"2":{"loc":{"start":{"line":61,"column":22},"end":{"line":61,"column":57}},"type":"cond-expr","locations":[{"start":{"line":61,"column":34},"end":{"line":61,"column":37}},{"start":{"line":61,"column":40},"end":{"line":61,"column":57}}]},"3":{"loc":{"start":{"line":68,"column":28},"end":{"line":68,"column":93}},"type":"binary-expr","locations":[{"start":{"line":68,"column":28},"end":{"line":68,"column":47}},{"start":{"line":68,"column":51},"end":{"line":68,"column":65}},{"start":{"line":68,"column":69},"end":{"line":68,"column":93}}]},"4":{"loc":{"start":{"line":71,"column":8},"end":{"line":75,"column":9}},"type":"if","locations":[{"start":{"line":71,"column":8},"end":{"line":75,"column":9}}]},"5":{"loc":{"start":{"line":85,"column":12},"end":{"line":87,"column":13}},"type":"if","locations":[{"start":{"line":85,"column":12},"end":{"line":87,"column":13}}]},"6":{"loc":{"start":{"line":85,"column":16},"end":{"line":85,"column":33}},"type":"binary-expr","locations":[{"start":{"line":85,"column":16},"end":{"line":85,"column":25}},{"start":{"line":85,"column":29},"end":{"line":85,"column":33}}]},"7":{"loc":{"start":{"line":91,"column":32},"end":{"line":91,"column":97}},"type":"binary-expr","locations":[{"start":{"line":91,"column":32},"end":{"line":91,"column":51}},{"start":{"line":91,"column":55},"end":{"line":91,"column":69}},{"start":{"line":91,"column":73},"end":{"line":91,"column":97}}]},"8":{"loc":{"start":{"line":93,"column":12},"end":{"line":95,"column":13}},"type":"if","locations":[{"start":{"line":93,"column":12},"end":{"line":95,"column":13}}]},"9":{"loc":{"start":{"line":98,"column":16},"end":{"line":100,"column":17}},"type":"if","locations":[{"start":{"line":98,"column":16},"end":{"line":100,"column":17}}]},"10":{"loc":{"start":{"line":98,"column":20},"end":{"line":98,"column":88}},"type":"binary-expr","locations":[{"start":{"line":98,"column":20},"end":{"line":98,"column":40}},{"start":{"line":98,"column":44},"end":{"line":98,"column":59}},{"start":{"line":98,"column":63},"end":{"line":98,"column":88}}]},"11":{"loc":{"start":{"line":111,"column":12},"end":{"line":115,"column":13}},"type":"if","locations":[{"start":{"line":111,"column":12},"end":{"line":115,"column":13}},{"start":{"line":113,"column":19},"end":{"line":115,"column":13}}]},"12":{"loc":{"start":{"line":119,"column":8},"end":{"line":122,"column":9}},"type":"if","locations":[{"start":{"line":119,"column":8},"end":{"line":122,"column":9}}]},"13":{"loc":{"start":{"line":138,"column":8},"end":{"line":140,"column":9}},"type":"if","locations":[{"start":{"line":138,"column":8},"end":{"line":140,"column":9}}]},"14":{"loc":{"start":{"line":138,"column":12},"end":{"line":138,"column":63}},"type":"binary-expr","locations":[{"start":{"line":138,"column":12},"end":{"line":138,"column":26}},{"start":{"line":138,"column":30},"end":{"line":138,"column":63}}]}},"s":{"0":1,"1":1,"2":1,"3":1,"4":1,"5":1,"6":1,"7":0,"8":0,"9":0,"10":0,"11":0,"12":0,"13":0,"14":0,"15":0,"16":0,"17":0,"18":0,"19":0,"20":0,"21":0,"22":0,"23":0,"24":0,"25":0,"26":0,"27":0,"28":0,"29":0,"30":0,"31":0,"32":0,"33":0,"34":0,"35":0,"36":0,"37":0,"38":0,"39":0,"40":0,"41":0,"42":0,"43":0,"44":0,"45":0,"46":0,"47":0,"48":0,"49":0,"50":0,"51":0,"52":0,"53":0,"54":0,"55":0,"56":0,"57":0,"58":0,"59":0,"60":0,"61":0,"62":0,"63":0,"64":0,"65":0,"66":0,"67":0,"68":0,"69":0,"70":0,"71":0,"72":0,"73":0,"74":1},"f":{"0":1,"1":0,"2":0,"3":0,"4":0,"5":0,"6":0,"7":0,"8":0,"9":0},"b":{"0":[0],"1":[0,0],"2":[0,0],"3":[0,0,0],"4":[0],"5":[0],"6":[0,0],"7":[0,0,0],"8":[0],"9":[0],"10":[0,0,0],"11":[0,0],"12":[0],"13":[0],"14":[0,0]}}
,"/Users/mohammad/Desktop/zahraa/code/react/autocompleteTrie/autocomplete-node/src/routes/index.ts": {"path":"/Users/mohammad/Desktop/zahraa/code/react/autocompleteTrie/autocomplete-node/src/routes/index.ts","statementMap":{"0":{"start":{"line":1,"column":0},"end":{"line":1,"column":33}},"1":{"start":{"line":3,"column":0},"end":{"line":3,"column":77}},"2":{"start":{"line":5,"column":15},"end":{"line":5,"column":23}},"3":{"start":{"line":7,"column":0},"end":{"line":9,"column":3}},"4":{"start":{"line":8,"column":4},"end":{"line":8,"column":55}},"5":{"start":{"line":10,"column":0},"end":{"line":10,"column":40}},"6":{"start":{"line":11,"column":0},"end":{"line":11,"column":49}},"7":{"start":{"line":12,"column":0},"end":{"line":12,"column":46}},"8":{"start":{"line":14,"column":0},"end":{"line":14,"column":22}}},"fnMap":{"0":{"name":"(anonymous_0)","decl":{"start":{"line":7,"column":21},"end":{"line":7,"column":22}},"loc":{"start":{"line":7,"column":53},"end":{"line":9,"column":1}}}},"branchMap":{},"s":{"0":1,"1":1,"2":1,"3":1,"4":1,"5":1,"6":1,"7":1,"8":1},"f":{"0":1},"b":{}}
}
