{"/Users/mohammad/Desktop/zahraa/code/react/autocompleteTrie/autocomplete/src/app.tsx": {"path":"/Users/mohammad/Desktop/zahraa/code/react/autocompleteTrie/autocomplete/src/app.tsx","statementMap":{"0":{"start":{"line":2,"column":0},"end":{"line":2,"column":47}},"1":{"start":{"line":3,"column":0},"end":{"line":3,"column":36}},"2":{"start":{"line":6,"column":2},"end":{"line":18,"column":4}},"3":{"start":{"line":21,"column":0},"end":{"line":21,"column":19}}},"fnMap":{"0":{"name":"App","decl":{"start":{"line":5,"column":9},"end":{"line":5,"column":12}},"loc":{"start":{"line":5,"column":12},"end":{"line":19,"column":1}}}},"branchMap":{},"s":{"0":1,"1":1,"2":1,"3":1},"f":{"0":1},"b":{}}
,"/Users/mohammad/Desktop/zahraa/code/react/autocompleteTrie/autocomplete/src/api/apiClient.tsx": {"path":"/Users/mohammad/Desktop/zahraa/code/react/autocompleteTrie/autocomplete/src/api/apiClient.tsx","statementMap":{"0":{"start":{"line":1,"column":0},"end":{"line":1,"column":26}},"1":{"start":{"line":5,"column":18},"end":{"line":10,"column":2}},"2":{"start":{"line":12,"column":29},"end":{"line":20,"column":null}},"3":{"start":{"line":12,"column":50},"end":{"line":20,"column":null}},"4":{"start":{"line":14,"column":20},"end":{"line":14,"column":null}},"5":{"start":{"line":14,"column":14},"end":{"line":14,"column":null}},"6":{"start":{"line":15,"column":8},"end":{"line":15,"column":24}},"7":{"start":{"line":17,"column":8},"end":{"line":17,"column":56}},"8":{"start":{"line":18,"column":8},"end":{"line":18,"column":20}},"9":{"start":{"line":12,"column":13},"end":{"line":12,"column":29}},"10":{"start":{"line":22,"column":26},"end":{"line":30,"column":null}},"11":{"start":{"line":22,"column":51},"end":{"line":30,"column":null}},"12":{"start":{"line":24,"column":20},"end":{"line":24,"column":null}},"13":{"start":{"line":24,"column":14},"end":{"line":24,"column":null}},"14":{"start":{"line":25,"column":8},"end":{"line":25,"column":24}},"15":{"start":{"line":27,"column":8},"end":{"line":27,"column":70}},"16":{"start":{"line":28,"column":8},"end":{"line":28,"column":20}},"17":{"start":{"line":22,"column":13},"end":{"line":22,"column":26}},"18":{"start":{"line":33,"column":33},"end":{"line":41,"column":null}},"19":{"start":{"line":35,"column":20},"end":{"line":35,"column":null}},"20":{"start":{"line":35,"column":14},"end":{"line":35,"column":null}},"21":{"start":{"line":36,"column":8},"end":{"line":36,"column":24}},"22":{"start":{"line":38,"column":8},"end":{"line":38,"column":54}},"23":{"start":{"line":39,"column":8},"end":{"line":39,"column":20}},"24":{"start":{"line":33,"column":13},"end":{"line":33,"column":33}}},"fnMap":{"0":{"name":"(anonymous_14)","decl":{"start":{"line":12,"column":29},"end":{"line":12,"column":36}},"loc":{"start":{"line":12,"column":50},"end":{"line":20,"column":null}}},"1":{"name":"(anonymous_15)","decl":{"start":{"line":12,"column":50},"end":{"line":12,"column":null}},"loc":{"start":{"line":12,"column":50},"end":{"line":20,"column":null}}},"2":{"name":"(anonymous_17)","decl":{"start":{"line":22,"column":26},"end":{"line":22,"column":33}},"loc":{"start":{"line":22,"column":51},"end":{"line":30,"column":null}}},"3":{"name":"(anonymous_18)","decl":{"start":{"line":22,"column":51},"end":{"line":22,"column":null}},"loc":{"start":{"line":22,"column":51},"end":{"line":30,"column":null}}},"4":{"name":"(anonymous_20)","decl":{"start":{"line":33,"column":33},"end":{"line":33,"column":null}},"loc":{"start":{"line":33,"column":33},"end":{"line":41,"column":null}}}},"branchMap":{},"s":{"0":1,"1":1,"2":1,"3":0,"4":0,"5":0,"6":0,"7":0,"8":0,"9":1,"10":1,"11":0,"12":0,"13":0,"14":0,"15":0,"16":0,"17":1,"18":2,"19":1,"20":0,"21":0,"22":0,"23":0,"24":1},"f":{"0":0,"1":0,"2":0,"3":0,"4":2},"b":{}}
,"/Users/mohammad/Desktop/zahraa/code/react/autocompleteTrie/autocomplete/src/components/autoField.tsx": {"path":"/Users/mohammad/Desktop/zahraa/code/react/autocompleteTrie/autocomplete/src/components/autoField.tsx","statementMap":{"0":{"start":{"line":1,"column":0},"end":{"line":1,"column":65}},"1":{"start":{"line":2,"column":0},"end":{"line":2,"column":56}},"2":{"start":{"line":3,"column":0},"end":{"line":3,"column":52}},"3":{"start":{"line":4,"column":0},"end":{"line":4,"column":36}},"4":{"start":{"line":6,"column":28},"end":{"line":68,"column":1}},"5":{"start":{"line":7,"column":32},"end":{"line":7,"column":61}},"6":{"start":{"line":7,"column":17},"end":{"line":7,"column":19}},"7":{"start":{"line":7,"column":27},"end":{"line":7,"column":32}},"8":{"start":{"line":8,"column":42},"end":{"line":8,"column":62}},"9":{"start":{"line":8,"column":22},"end":{"line":8,"column":24}},"10":{"start":{"line":8,"column":37},"end":{"line":8,"column":42}},"11":{"start":{"line":9,"column":36},"end":{"line":9,"column":58}},"12":{"start":{"line":9,"column":19},"end":{"line":9,"column":21}},"13":{"start":{"line":9,"column":31},"end":{"line":9,"column":36}},"14":{"start":{"line":10,"column":24},"end":{"line":10,"column":43}},"15":{"start":{"line":10,"column":13},"end":{"line":10,"column":16}},"16":{"start":{"line":10,"column":20},"end":{"line":10,"column":24}},"17":{"start":{"line":11,"column":77},"end":{"line":11,"column":92}},"18":{"start":{"line":11,"column":23},"end":{"line":11,"column":25}},"19":{"start":{"line":11,"column":45},"end":{"line":11,"column":47}},"20":{"start":{"line":11,"column":59},"end":{"line":11,"column":61}},"21":{"start":{"line":11,"column":73},"end":{"line":11,"column":77}},"22":{"start":{"line":13,"column":4},"end":{"line":15,"column":22}},"23":{"start":{"line":14,"column":8},"end":{"line":14,"column":32}},"24":{"start":{"line":17,"column":4},"end":{"line":22,"column":21}},"25":{"start":{"line":18,"column":8},"end":{"line":21,"column":10}},"26":{"start":{"line":19,"column":12},"end":{"line":19,"column":28}},"27":{"start":{"line":20,"column":12},"end":{"line":20,"column":23}},"28":{"start":{"line":24,"column":30},"end":{"line":31,"column":null}},"29":{"start":{"line":24,"column":93},"end":{"line":31,"column":null}},"30":{"start":{"line":25,"column":8},"end":{"line":25,"column":27}},"31":{"start":{"line":26,"column":12},"end":{"line":26,"column":20}},"32":{"start":{"line":27,"column":12},"end":{"line":27,"column":null}},"33":{"start":{"line":28,"column":12},"end":{"line":28,"column":41}},"34":{"start":{"line":29,"column":12},"end":{"line":29,"column":27}},"35":{"start":{"line":33,"column":35},"end":{"line":42,"column":null}},"36":{"start":{"line":33,"column":114},"end":{"line":42,"column":null}},"37":{"start":{"line":34,"column":8},"end":{"line":34,"column":37}},"38":{"start":{"line":36,"column":8},"end":{"line":41,"column":9}},"39":{"start":{"line":37,"column":12},"end":{"line":40,"column":null}},"40":{"start":{"line":38,"column":16},"end":{"line":38,"column":null}},"41":{"start":{"line":39,"column":16},"end":{"line":39,"column":52}},"42":{"start":{"line":44,"column":4},"end":{"line":67,"column":null}},"43":{"start":{"line":53,"column":44},"end":{"line":53,"column":null}},"44":{"start":{"line":55,"column":41},"end":{"line":57,"column":null}},"45":{"start":{"line":59,"column":44},"end":{"line":59,"column":null}},"46":{"start":{"line":70,"column":0},"end":{"line":70,"column":25}}},"fnMap":{"0":{"name":"(anonymous_16)","decl":{"start":{"line":6,"column":28},"end":{"line":6,"column":null}},"loc":{"start":{"line":6,"column":28},"end":{"line":68,"column":1}}},"1":{"name":"(anonymous_17)","decl":{"start":{"line":13,"column":14},"end":{"line":13,"column":null}},"loc":{"start":{"line":13,"column":14},"end":{"line":15,"column":5}}},"2":{"name":"(anonymous_18)","decl":{"start":{"line":17,"column":14},"end":{"line":17,"column":null}},"loc":{"start":{"line":17,"column":14},"end":{"line":22,"column":5}}},"3":{"name":"(anonymous_19)","decl":{"start":{"line":18,"column":15},"end":{"line":18,"column":null}},"loc":{"start":{"line":18,"column":15},"end":{"line":21,"column":9}}},"4":{"name":"(anonymous_20)","decl":{"start":{"line":24,"column":30},"end":{"line":24,"column":37}},"loc":{"start":{"line":24,"column":93},"end":{"line":31,"column":null}}},"5":{"name":"(anonymous_21)","decl":{"start":{"line":24,"column":93},"end":{"line":24,"column":null}},"loc":{"start":{"line":24,"column":93},"end":{"line":31,"column":null}}},"6":{"name":"(anonymous_23)","decl":{"start":{"line":33,"column":35},"end":{"line":33,"column":42}},"loc":{"start":{"line":33,"column":114},"end":{"line":42,"column":null}}},"7":{"name":"(anonymous_24)","decl":{"start":{"line":33,"column":114},"end":{"line":33,"column":null}},"loc":{"start":{"line":33,"column":114},"end":{"line":42,"column":null}}},"8":{"name":"(anonymous_26)","decl":{"start":{"line":37,"column":28},"end":{"line":37,"column":null}},"loc":{"start":{"line":37,"column":28},"end":{"line":40,"column":13}}},"9":{"name":"(anonymous_27)","decl":{"start":{"line":53,"column":32},"end":{"line":53,"column":33}},"loc":{"start":{"line":53,"column":39},"end":{"line":53,"column":50}}},"10":{"name":"(anonymous_28)","decl":{"start":{"line":55,"column":29},"end":{"line":55,"column":30}},"loc":{"start":{"line":55,"column":36},"end":{"line":55,"column":null}}},"11":{"name":"(anonymous_29)","decl":{"start":{"line":59,"column":31},"end":{"line":59,"column":32}},"loc":{"start":{"line":59,"column":39},"end":{"line":59,"column":51}}}},"branchMap":{"0":{"loc":{"start":{"line":26,"column":12},"end":{"line":26,"column":20}},"type":"if","locations":[{"start":{"line":26,"column":12},"end":{"line":26,"column":20}}]},"1":{"loc":{"start":{"line":36,"column":8},"end":{"line":41,"column":9}},"type":"if","locations":[{"start":{"line":36,"column":8},"end":{"line":41,"column":9}}]},"2":{"loc":{"start":{"line":36,"column":12},"end":{"line":36,"column":58}},"type":"binary-expr","locations":[{"start":{"line":36,"column":12},"end":{"line":36,"column":29}},{"start":{"line":36,"column":33},"end":{"line":36,"column":58}}]},"3":{"loc":{"start":{"line":62,"column":17},"end":{"line":62,"column":68}},"type":"binary-expr","locations":[{"start":{"line":62,"column":17},"end":{"line":62,"column":29}},{"start":{"line":62,"column":33},"end":{"line":62,"column":68}}]},"4":{"loc":{"start":{"line":63,"column":17},"end":{"line":63,"column":51}},"type":"binary-expr","locations":[{"start":{"line":63,"column":17},"end":{"line":63,"column":30}},{"start":{"line":63,"column":34},"end":{"line":63,"column":51}}]}},"s":{"0":1,"1":1,"2":1,"3":1,"4":1,"5":2,"6":2,"7":2,"8":2,"9":2,"10":2,"11":2,"12":2,"13":2,"14":2,"15":2,"16":2,"17":2,"18":2,"19":2,"20":2,"21":2,"22":2,"23":1,"24":2,"25":1,"26":1,"27":1,"28":2,"29":0,"30":0,"31":0,"32":0,"33":0,"34":0,"35":2,"36":0,"37":0,"38":0,"39":0,"40":0,"41":0,"42":2,"43":0,"44":3,"45":0,"46":1},"f":{"0":2,"1":1,"2":1,"3":1,"4":0,"5":0,"6":0,"7":0,"8":0,"9":0,"10":3,"11":0},"b":{"0":[0],"1":[0],"2":[0,0],"3":[2,0],"4":[2,2]}}
,"/Users/mohammad/Desktop/zahraa/code/react/autocompleteTrie/autocomplete/src/hooks/useSuggestions.tsx": {"path":"/Users/mohammad/Desktop/zahraa/code/react/autocompleteTrie/autocomplete/src/hooks/useSuggestions.tsx","statementMap":{"0":{"start":{"line":1,"column":0},"end":{"line":1,"column":49}},"1":{"start":{"line":2,"column":0},"end":{"line":2,"column":76}},"2":{"start":{"line":8,"column":22},"end":{"line":43,"column":1}},"3":{"start":{"line":9,"column":44},"end":{"line":9,"column":66}},"4":{"start":{"line":9,"column":23},"end":{"line":9,"column":25}},"5":{"start":{"line":9,"column":39},"end":{"line":9,"column":44}},"6":{"start":{"line":10,"column":36},"end":{"line":10,"column":60}},"7":{"start":{"line":10,"column":19},"end":{"line":10,"column":21}},"8":{"start":{"line":10,"column":31},"end":{"line":10,"column":36}},"9":{"start":{"line":11,"column":36},"end":{"line":11,"column":65}},"10":{"start":{"line":11,"column":19},"end":{"line":11,"column":21}},"11":{"start":{"line":11,"column":32},"end":{"line":11,"column":36}},"12":{"start":{"line":12,"column":46},"end":{"line":12,"column":73}},"13":{"start":{"line":12,"column":24},"end":{"line":12,"column":26}},"14":{"start":{"line":12,"column":41},"end":{"line":12,"column":46}},"15":{"start":{"line":14,"column":33},"end":{"line":17,"column":null}},"16":{"start":{"line":14,"column":52},"end":{"line":17,"column":null}},"17":{"start":{"line":15,"column":21},"end":{"line":15,"column":null}},"18":{"start":{"line":15,"column":14},"end":{"line":15,"column":null}},"19":{"start":{"line":16,"column":8},"end":{"line":16,"column":29}},"20":{"start":{"line":19,"column":25},"end":{"line":24,"column":null}},"21":{"start":{"line":19,"column":44},"end":{"line":24,"column":null}},"22":{"start":{"line":20,"column":20},"end":{"line":20,"column":null}},"23":{"start":{"line":20,"column":14},"end":{"line":20,"column":null}},"24":{"start":{"line":21,"column":8},"end":{"line":23,"column":9}},"25":{"start":{"line":22,"column":12},"end":{"line":22,"column":34}},"26":{"start":{"line":26,"column":4},"end":{"line":33,"column":11}},"27":{"start":{"line":27,"column":8},"end":{"line":32,"column":null}},"28":{"start":{"line":27,"column":9},"end":{"line":32,"column":10}},"29":{"start":{"line":28,"column":29},"end":{"line":28,"column":null}},"30":{"start":{"line":28,"column":18},"end":{"line":28,"column":null}},"31":{"start":{"line":29,"column":12},"end":{"line":31,"column":13}},"32":{"start":{"line":30,"column":16},"end":{"line":30,"column":38}},"33":{"start":{"line":35,"column":4},"end":{"line":42,"column":null}},"34":{"start":{"line":45,"column":0},"end":{"line":45,"column":29}}},"fnMap":{"0":{"name":"(anonymous_13)","decl":{"start":{"line":8,"column":22},"end":{"line":8,"column":null}},"loc":{"start":{"line":8,"column":22},"end":{"line":43,"column":1}}},"1":{"name":"(anonymous_14)","decl":{"start":{"line":14,"column":33},"end":{"line":14,"column":40}},"loc":{"start":{"line":14,"column":52},"end":{"line":17,"column":null}}},"2":{"name":"(anonymous_15)","decl":{"start":{"line":14,"column":52},"end":{"line":14,"column":null}},"loc":{"start":{"line":14,"column":52},"end":{"line":17,"column":null}}},"3":{"name":"(anonymous_17)","decl":{"start":{"line":19,"column":25},"end":{"line":19,"column":32}},"loc":{"start":{"line":19,"column":44},"end":{"line":24,"column":null}}},"4":{"name":"(anonymous_18)","decl":{"start":{"line":19,"column":44},"end":{"line":19,"column":null}},"loc":{"start":{"line":19,"column":44},"end":{"line":24,"column":null}}},"5":{"name":"(anonymous_20)","decl":{"start":{"line":26,"column":14},"end":{"line":26,"column":null}},"loc":{"start":{"line":26,"column":14},"end":{"line":33,"column":5}}},"6":{"name":"(anonymous_21)","decl":{"start":{"line":27,"column":9},"end":{"line":27,"column":null}},"loc":{"start":{"line":27,"column":9},"end":{"line":32,"column":10}}}},"branchMap":{"0":{"loc":{"start":{"line":15,"column":21},"end":{"line":15,"column":null}},"type":"switch","locations":[{"start":{"line":15,"column":21},"end":{"line":15,"column":null}}]},"1":{"loc":{"start":{"line":20,"column":20},"end":{"line":20,"column":null}},"type":"switch","locations":[{"start":{"line":20,"column":20},"end":{"line":20,"column":null}}]},"2":{"loc":{"start":{"line":21,"column":8},"end":{"line":23,"column":9}},"type":"if","locations":[{"start":{"line":21,"column":8},"end":{"line":23,"column":9}}]},"3":{"loc":{"start":{"line":28,"column":29},"end":{"line":28,"column":null}},"type":"switch","locations":[{"start":{"line":28,"column":29},"end":{"line":28,"column":null}}]},"4":{"loc":{"start":{"line":29,"column":12},"end":{"line":31,"column":13}},"type":"if","locations":[{"start":{"line":29,"column":12},"end":{"line":31,"column":13}}]}},"s":{"0":1,"1":1,"2":1,"3":2,"4":2,"5":2,"6":2,"7":2,"8":2,"9":2,"10":2,"11":2,"12":2,"13":2,"14":2,"15":2,"16":0,"17":0,"18":0,"19":0,"20":2,"21":0,"22":0,"23":0,"24":0,"25":0,"26":2,"27":1,"28":1,"29":1,"30":0,"31":0,"32":0,"33":2,"34":1},"f":{"0":2,"1":0,"2":0,"3":0,"4":0,"5":1,"6":2},"b":{"0":[0],"1":[0],"2":[0],"3":[1],"4":[0]}}
}
