TN:
SF:src/app.tsx
FN:5,App
FNF:1
FNH:1
FNDA:1,App
DA:2,1
DA:3,1
DA:6,1
DA:21,1
LF:4
LH:4
BRF:0
BRH:0
end_of_record
TN:
SF:src/api/apiClient.tsx
FN:12,(anonymous_14)
FN:12,(anonymous_15)
FN:22,(anonymous_17)
FN:22,(anonymous_18)
FN:33,(anonymous_20)
FNF:5
FNH:1
FNDA:0,(anonymous_14)
FNDA:0,(anonymous_15)
FNDA:0,(anonymous_17)
FNDA:0,(anonymous_18)
FNDA:2,(anonymous_20)
DA:1,1
DA:5,1
DA:12,1
DA:14,0
DA:15,0
DA:17,0
DA:18,0
DA:22,1
DA:24,0
DA:25,0
DA:27,0
DA:28,0
DA:33,2
DA:35,1
DA:36,0
DA:38,0
DA:39,0
LF:17
LH:6
BRF:0
BRH:0
end_of_record
TN:
SF:src/components/autoField.tsx
FN:6,(anonymous_16)
FN:13,(anonymous_17)
FN:17,(anonymous_18)
FN:18,(anonymous_19)
FN:24,(anonymous_20)
FN:24,(anonymous_21)
FN:33,(anonymous_23)
FN:33,(anonymous_24)
FN:37,(anonymous_26)
FN:53,(anonymous_27)
FN:55,(anonymous_28)
FN:59,(anonymous_29)
FNF:12
FNH:5
FNDA:2,(anonymous_16)
FNDA:1,(anonymous_17)
FNDA:1,(anonymous_18)
FNDA:1,(anonymous_19)
FNDA:0,(anonymous_20)
FNDA:0,(anonymous_21)
FNDA:0,(anonymous_23)
FNDA:0,(anonymous_24)
FNDA:0,(anonymous_26)
FNDA:0,(anonymous_27)
FNDA:3,(anonymous_28)
FNDA:0,(anonymous_29)
DA:1,1
DA:2,1
DA:3,1
DA:4,1
DA:6,1
DA:7,2
DA:8,2
DA:9,2
DA:10,2
DA:11,2
DA:13,2
DA:14,1
DA:17,2
DA:18,1
DA:19,1
DA:20,1
DA:24,2
DA:25,0
DA:26,0
DA:27,0
DA:28,0
DA:29,0
DA:33,2
DA:34,0
DA:36,0
DA:37,0
DA:38,0
DA:39,0
DA:44,2
DA:53,0
DA:55,3
DA:59,0
DA:70,1
LF:33
LH:21
BRDA:26,0,0,0
BRDA:36,1,0,0
BRDA:36,2,0,0
BRDA:36,2,1,0
BRDA:62,3,0,2
BRDA:62,3,1,0
BRDA:63,4,0,2
BRDA:63,4,1,2
BRF:8
BRH:3
end_of_record
TN:
SF:src/hooks/useSuggestions.tsx
FN:8,(anonymous_13)
FN:14,(anonymous_14)
FN:14,(anonymous_15)
FN:19,(anonymous_17)
FN:19,(anonymous_18)
FN:26,(anonymous_20)
FN:27,(anonymous_21)
FNF:7
FNH:3
FNDA:2,(anonymous_13)
FNDA:0,(anonymous_14)
FNDA:0,(anonymous_15)
FNDA:0,(anonymous_17)
FNDA:0,(anonymous_18)
FNDA:1,(anonymous_20)
FNDA:2,(anonymous_21)
DA:1,1
DA:2,1
DA:8,1
DA:9,2
DA:10,2
DA:11,2
DA:12,2
DA:14,2
DA:15,0
DA:16,0
DA:19,2
DA:20,0
DA:21,0
DA:22,0
DA:26,2
DA:27,1
DA:28,1
DA:29,0
DA:30,0
DA:35,2
DA:45,1
LF:21
LH:14
BRDA:15,0,0,0
BRDA:20,1,0,0
BRDA:21,2,0,0
BRDA:28,3,0,1
BRDA:29,4,0,0
BRF:5
BRH:1
end_of_record
